2026-01-04T20:57:44.512335400 - DEBUG: GitHub OAuth callback received. Code: test...
2026-01-04T20:57:44.528157400 - ERROR: GitHub OAuth callback failed: JWT strings must contain exactly 2 period characters. Found: 0
2026-01-04T20:59:05.529689500 - DEBUG: GitHub OAuth start request. Token provided: false
2026-01-04T20:59:05.535707300 - ERROR: JWT Validation FAILED for GitHub OAuth start
2026-01-04T20:59:48.220003900 - DEBUG: GitHub OAuth start request. Token provided: true
2026-01-04T20:59:48.234821100 - DEBUG: JWT Validation SUCCESS for GitHub OAuth start
2026-01-04T20:59:48.244036400 - DEBUG: Redirecting to GitHub: https://github.com/login/oauth/authorize?client_id=Ov23ctXzMStM3mJ3v9z7&redirect_uri=http%3A%2F%2Flocalhost%3A8080%2Fapi%2Fgithub%2Foauth%2Fcallback&scope=repo,user&state=eyJhbGciOiJIUzM4NCJ9.eyJzdWIiOiJwcmFkZWVwa3Jpc2huYTE0MEBnbWFpbC5jb20iLCJpYXQiOjE3Njc1Mzg5MjcsImV4cCI6MTc2NzYyNTMyN30.dv9xLWYVfbZDNN-VbLpoVbdYeo1YfbUlQ3yQhogSxT8v2uDq91lTCqpyxPSzx6Ko
2026-01-04T21:03:30.478118600 - DEBUG: GitHub OAuth start request. Token provided: true
2026-01-04T21:03:30.565104600 - DEBUG: JWT Validation SUCCESS for GitHub OAuth start
2026-01-04T21:03:30.577632500 - DEBUG: Redirecting to GitHub: https://github.com/login/oauth/authorize?client_id=Ov23ctXzMStM3mJ3v9z7&redirect_uri=http%3A%2F%2Flocalhost%3A8080%2Fapi%2Fgithub%2Foauth%2Fcallback&scope=repo,user&state=eyJhbGciOiJIUzM4NCJ9.eyJzdWIiOiJwcmFkZWVwa3Jpc2huYTE0MEBnbWFpbC5jb20iLCJpYXQiOjE3Njc1Mzg5MjcsImV4cCI6MTc2NzYyNTMyN30.dv9xLWYVfbZDNN-VbLpoVbdYeo1YfbUlQ3yQhogSxT8v2uDq91lTCqpyxPSzx6Ko
2026-01-04T21:11:54.417250 - DEBUG: GitHub OAuth start request. Token provided: true
2026-01-04T21:11:54.585577400 - DEBUG: JWT Validation SUCCESS for GitHub OAuth start
2026-01-04T21:11:54.640946700 - DEBUG: Redirecting to GitHub: https://github.com/login/oauth/authorize?client_id=Ov23ctXzMStM3mJ3v9z7&redirect_uri=http%3A%2F%2Flocalhost%3A8080%2Fapi%2Fgithub%2Foauth%2Fcallback&scope=repo,user&state=eyJhbGciOiJIUzM4NCJ9.eyJzdWIiOiJwcmFkZWVwa3Jpc2huYTE0MEBnbWFpbC5jb20iLCJpYXQiOjE3Njc1Mzg5MjcsImV4cCI6MTc2NzYyNTMyN30.dv9xLWYVfbZDNN-VbLpoVbdYeo1YfbUlQ3yQhogSxT8v2uDq91lTCqpyxPSzx6Ko
2026-01-04T21:22:38.861786 - DEBUG: GitHub OAuth start request. Token provided: true
2026-01-04T21:22:38.905164100 - DEBUG: JWT Validation SUCCESS for GitHub OAuth start
2026-01-04T21:22:38.945383300 - DEBUG: Redirecting to GitHub: https://github.com/login/oauth/authorize?client_id=Ov23ctXzMStM3mJ3v9z7&redirect_uri=http%3A%2F%2Flocalhost%3A8080%2Fapi%2Fgithub%2Foauth%2Fcallback&scope=repo,user&state=eyJhbGciOiJIUzM4NCJ9.eyJzdWIiOiJwcmFkZWVwa3Jpc2huYTE0MEBnbWFpbC5jb20iLCJpYXQiOjE3Njc1Mzg5MjcsImV4cCI6MTc2NzYyNTMyN30.dv9xLWYVfbZDNN-VbLpoVbdYeo1YfbUlQ3yQhogSxT8v2uDq91lTCqpyxPSzx6Ko
2026-01-04T21:39:56.383923900 - DEBUG: GitHub OAuth start request. Token provided: true
2026-01-04T21:39:56.401403600 - DEBUG: JWT Validation SUCCESS for GitHub OAuth start
2026-01-04T21:39:56.408230 - DEBUG: Redirecting to GitHub: https://github.com/login/oauth/authorize?client_id=Ov23ctXzMStM3mJ3v9z7&redirect_uri=http%3A%2F%2Flocalhost%3A8080%2Fapi%2Fgithub%2Foauth%2Fcallback&scope=repo,user&state=eyJhbGciOiJIUzM4NCJ9.eyJzdWIiOiJwcmFkZWVwa3Jpc2huYTE0MEBnbWFpbC5jb20iLCJpYXQiOjE3Njc1Mzg5MjcsImV4cCI6MTc2NzYyNTMyN30.dv9xLWYVfbZDNN-VbLpoVbdYeo1YfbUlQ3yQhogSxT8v2uDq91lTCqpyxPSzx6Ko
2026-01-05T19:47:04.074149400 - DEBUG: Redirecting to GitHub: https://github.com/login/oauth/authorize?client_id=Ov23ctXzMStM3mJ3v9z7&redirect_uri=http%3A%2F%2Flocalhost%3A8080%2Fapi%2Fgithub%2Foauth%2Fcallback&scope=repo,user,user:email&state=login
2026-01-05T19:47:42.261529900 - DEBUG: Redirecting to GitHub: https://github.com/login/oauth/authorize?client_id=Ov23ctXzMStM3mJ3v9z7&redirect_uri=http%3A%2F%2Flocalhost%3A8080%2Fapi%2Fgithub%2Foauth%2Fcallback&scope=repo,user,user:email&state=login
2026-01-05T19:50:35.379905900 - DEBUG: GitHub OAuth callback received. State: login
2026-01-05T19:50:36.452056800 - ERROR: GitHub OAuth callback failed: 404 Not Found: "{"error":"Not Found"}"
2026-01-05T19:52:47.269033900 - DEBUG: Redirecting to GitHub: https://github.com/login/oauth/authorize?client_id=Ov23ctXzMStM3mJ3v9z7&redirect_uri=http%3A%2F%2Flocalhost%3A8080%2Fapi%2Fgithub%2Foauth%2Fcallback&scope=repo,user,user:email&state=login
2026-01-05T20:02:27.428072 - DEBUG: Redirecting to GitHub: https://github.com/login/oauth/authorize?client_id=Ov23ctXzMStM3mJ3v9z7&redirect_uri=http%3A%2F%2Flocalhost%3A8080%2Fapi%2Fgithub%2Foauth%2Fcallback&scope=repo,user,user:email&state=login
2026-01-05T20:08:46.011293200 - DEBUG: Redirecting to GitHub: https://github.com/login/oauth/authorize?client_id=Ov23ctXzMStM3mJ3v9z7&redirect_uri=http%3A%2F%2Flocalhost%3A8080%2Fapi%2Fgithub%2Foauth%2Fcallback&scope=repo,user,user:email&state=login
2026-01-05T20:14:15.931811500 - DEBUG: Redirecting to GitHub: https://github.com/login/oauth/authorize?client_id=Ov23ctXzMStM3mJ3v9z7&redirect_uri=http%3A%2F%2Flocalhost%3A8080%2Fapi%2Fgithub%2Foauth%2Fcallback&scope=repo,user,user:email&state=login
2026-01-05T20:15:58.525120100 - DEBUG: Redirecting to GitHub: https://github.com/login/oauth/authorize?client_id=Ov23ctXzMStM3mJ3v9z7&redirect_uri=http%3A%2F%2Flocalhost%3A8080%2Fapi%2Fgithub%2Foauth%2Fcallback&scope=repo,user,user:email&state=login
2026-01-05T20:19:44.544475100 - DEBUG: Redirecting to GitHub: https://github.com/login/oauth/authorize?client_id=Ov23ctXzMStM3mJ3v9z7&redirect_uri=http%3A%2F%2Flocalhost%3A8080%2Fapi%2Fgithub%2Foauth%2Fcallback&scope=repo,user,user:email&state=login
2026-01-05T20:19:56.849558200 - DEBUG: Redirecting to GitHub: https://github.com/login/oauth/authorize?client_id=Ov23ctXzMStM3mJ3v9z7&redirect_uri=http%3A%2F%2Flocalhost%3A8080%2Fapi%2Fgithub%2Foauth%2Fcallback&scope=repo,user,user:email&state=login
2026-01-05T20:21:53.602471800 - DEBUG: Redirecting to GitHub: https://github.com/login/oauth/authorize?client_id=Ov23liccnKhFzwKD4Eim&redirect_uri=http%3A%2F%2Flocalhost%3A8080%2Fapi%2Fgithub%2Foauth%2Fcallback&scope=repo,user,user:email&state=login
2026-01-05T20:22:11.800558400 - DEBUG: GitHub OAuth callback received. State: login
2026-01-05T20:22:11.805093 - DEBUG: Requesting access token from: https://github.com/login/oauth/access_token
2026-01-05T20:22:12.573901900 - DEBUG: Access token received successfully.
2026-01-05T20:22:12.574896500 - DEBUG: Fetching user info from https://api.github.com/user
2026-01-05T20:22:13.039568400 - DEBUG: User info received for: pradeepdevs140
2026-01-05T20:22:13.664967700 - DEBUG: Email not public, fetching from /user/emails
2026-01-05T20:22:14.322601800 - DEBUG: Redirecting to frontend: http://localhost:3000/callback?token=eyJhbGciOiJIUzM4NCJ9.eyJzdWIiOiJwcmFkZWVwa3Jpc2huYTE0MEBnbWFpbC5jb20iLCJpYXQiOjE3Njc2MjQ3MzQsImV4cCI6MTc2NzcxMTEzNH0.kS4-2VsRozTQAMULhKJGC7r4s0sR14DmiibyUa5BHIqQi73jqFdnhGEsx0kT5yVC&email=pradeepkrishna140%40gmail.com&name=pradeep
2026-01-06T20:14:14.432237 - DEBUG: Redirecting to GitHub: https://github.com/login/oauth/authorize?client_id=Ov23liccnKhFzwKD4Eim&redirect_uri=http%3A%2F%2Flocalhost%3A8080%2Fapi%2Fgithub%2Foauth%2Fcallback&scope=repo,user,user:email&state=login
2026-01-06T20:14:29.213739 - DEBUG: GitHub OAuth callback received. State: login
2026-01-06T20:14:29.219261200 - DEBUG: Requesting access token from: https://github.com/login/oauth/access_token
2026-01-06T20:14:30.442105 - DEBUG: Access token received successfully.
2026-01-06T20:14:30.444140900 - DEBUG: Fetching user info from https://api.github.com/user
2026-01-06T20:14:31.450527400 - DEBUG: User info received for: pradeepdevs140
2026-01-06T20:14:31.617274200 - DEBUG: Email not public, fetching from /user/emails
2026-01-06T20:14:32.162599600 - DEBUG: Created new user for GitHub signup: pradeepkrishna140@gmail.com
2026-01-06T20:14:32.244307 - DEBUG: Redirecting to frontend: http://localhost:3000/callback?token=eyJhbGciOiJIUzM4NCJ9.eyJzdWIiOiJwcmFkZWVwa3Jpc2huYTE0MEBnbWFpbC5jb20iLCJpYXQiOjE3Njc3MTA2NzIsImV4cCI6MTc2Nzc5NzA3Mn0.j4QoaM9ul3yVNuNpJMBmrJNtkR0RRHyh1cEmcWLKXnuXmbqIFG8kRQ2ywSdZpvbZ&email=pradeepkrishna140%40gmail.com&name=pradeepdevs140
2026-01-18T16:09:06.204836200 - DEBUG: Redirecting to GitHub: https://github.com/login/oauth/authorize?client_id=Ov23liccnKhFzwKD4Eim&redirect_uri=http%3A%2F%2Flocalhost%3A8080%2Fapi%2Fgithub%2Foauth%2Fcallback&scope=repo,user,user:email&state=login
2026-01-18T16:09:07.080604100 - DEBUG: GitHub OAuth callback received. State: login
2026-01-18T16:09:07.085117400 - DEBUG: Requesting access token from: https://github.com/login/oauth/access_token
2026-01-18T16:09:08.148439 - DEBUG: Access token received successfully.
2026-01-18T16:09:08.150472700 - DEBUG: Fetching user info from https://api.github.com/user
2026-01-18T16:09:08.614944500 - DEBUG: User info received for: pradeepdevs140
2026-01-18T16:09:09.695825300 - DEBUG: Redirecting to frontend: http://localhost:3000/callback?token=eyJhbGciOiJIUzM4NCJ9.eyJzdWIiOiJwcmFkZWVwa3Jpc2huYTE0MEBnbWFpbC5jb20iLCJpYXQiOjE3Njg3MzI3NDksImV4cCI6MTc2ODgxOTE0OX0.uoHr6ruWGKivCPX31c1g1ONSVArHQtm4xup7-RIjbXmQ275Ie3rxv6na4lE8Bf2z&email=pradeepkrishna140%40gmail.com&name=pradeepdevs140
2026-01-18T16:09:26.815175 - DEBUG: Redirecting to GitHub: https://github.com/login/oauth/authorize?client_id=Ov23liccnKhFzwKD4Eim&redirect_uri=http%3A%2F%2Flocalhost%3A8080%2Fapi%2Fgithub%2Foauth%2Fcallback&scope=repo,user,user:email&state=login
2026-01-18T16:09:27.853293700 - DEBUG: GitHub OAuth callback received. State: login
2026-01-18T16:09:27.855309400 - DEBUG: Requesting access token from: https://github.com/login/oauth/access_token
2026-01-18T16:09:29.218248200 - DEBUG: Access token received successfully.
2026-01-18T16:09:29.221494 - DEBUG: Fetching user info from https://api.github.com/user
2026-01-18T16:09:30.523758800 - DEBUG: User info received for: pradeepdevs140
2026-01-18T16:09:30.591838400 - DEBUG: Redirecting to frontend: http://localhost:3000/callback?token=eyJhbGciOiJIUzM4NCJ9.eyJzdWIiOiJwcmFkZWVwa3Jpc2huYTE0MEBnbWFpbC5jb20iLCJpYXQiOjE3Njg3MzI3NzAsImV4cCI6MTc2ODgxOTE3MH0.Dbcdg8o4faOutLjpE_6cvNk59RN5-SpEjmp8KtovIRPujMgViy86bLTKmIs1FBte&email=pradeepkrishna140%40gmail.com&name=pradeepdevs140
2026-01-18T17:06:06.679679400 - DEBUG: Redirecting to GitHub: https://github.com/login/oauth/authorize?client_id=Ov23liccnKhFzwKD4Eim&redirect_uri=http%3A%2F%2Flocalhost%3A8080%2Fapi%2Fgithub%2Foauth%2Fcallback&scope=repo,user,user:email&state=login
2026-01-18T17:06:07.399030800 - DEBUG: GitHub OAuth callback received. State: login
2026-01-18T17:06:07.408181800 - DEBUG: Requesting access token from: https://github.com/login/oauth/access_token
2026-01-18T17:06:08.525733900 - DEBUG: Access token received successfully.
2026-01-18T17:06:08.528917800 - DEBUG: Fetching user info from https://api.github.com/user
2026-01-18T17:06:09.269241100 - DEBUG: User info received for: pradeepdevs140
2026-01-18T17:06:09.920386400 - DEBUG: Redirecting to frontend: http://localhost:3000/callback?token=eyJhbGciOiJIUzM4NCJ9.eyJzdWIiOiJwcmFkZWVwa3Jpc2huYTE0MEBnbWFpbC5jb20iLCJpYXQiOjE3Njg3MzYxNjksImV4cCI6MTc2ODgyMjU2OX0.0WtipRwjKdJ0-7cWkiqSblaue6gw0fXkTNMjZV5yy1M56lpk5Vd1sdOfRem3DoYE&email=pradeepkrishna140%40gmail.com&name=pradeepdevs140
2026-01-19T13:37:07.986647600 - DEBUG: Redirecting to GitHub: https://github.com/login/oauth/authorize?client_id=Ov23liccnKhFzwKD4Eim&redirect_uri=http%3A%2F%2Flocalhost%3A8080%2Fapi%2Fgithub%2Foauth%2Fcallback&scope=repo,user,user:email&state=login
2026-01-19T13:42:01.616739700 - DEBUG: Redirecting to GitHub: https://github.com/login/oauth/authorize?client_id=Ov23liccnKhFzwKD4Eim&redirect_uri=http%3A%2F%2Flocalhost%3A8080%2Fapi%2Fgithub%2Foauth%2Fcallback&scope=repo,user,user:email&state=login
2026-01-19T13:42:03.823248100 - DEBUG: GitHub OAuth callback received. State: login
2026-01-19T13:42:03.908208400 - DEBUG: Requesting access token from: https://github.com/login/oauth/access_token
2026-01-19T13:42:10.221652800 - DEBUG: Access token received successfully.
2026-01-19T13:42:10.225114700 - DEBUG: Fetching user info from https://api.github.com/user
2026-01-19T13:42:11.808970500 - DEBUG: User info received for: pradeepdevs140
2026-01-19T13:42:13.671894800 - DEBUG: Redirecting to frontend: http://localhost:3000/callback?token=eyJhbGciOiJIUzM4NCJ9.eyJzdWIiOiJwcmFkZWVwa3Jpc2huYTE0MEBnbWFpbC5jb20iLCJpYXQiOjE3Njg4MTAzMzMsImV4cCI6MTc2ODg5NjczM30.SPm0gQSL7Qa24cLHXc7FtlpJ6Bn1ZwMe4PcKCcg_mNZyWgjSF2TfeY-p_bEUBmoR&email=pradeepkrishna140%40gmail.com&name=pradeepdevs140
2026-02-01T14:49:23.280034600 - ERROR: JWT Validation FAILED for GitHub OAuth connect
2026-02-01T14:49:31.089034500 - ERROR: JWT Validation FAILED for GitHub OAuth connect
2026-02-01T14:49:44.002528200 - DEBUG: Redirecting to GitHub: https://github.com/login/oauth/authorize?client_id=Ov23liccnKhFzwKD4Eim&redirect_uri=http%3A%2F%2Flocalhost%3A8080%2Fapi%2Fgithub%2Foauth%2Fcallback&scope=repo,user,user:email&state=login
2026-02-01T14:50:04.440056400 - DEBUG: GitHub OAuth callback received. State: login
2026-02-01T14:50:04.460013700 - DEBUG: Requesting access token from: https://github.com/login/oauth/access_token
2026-02-01T14:50:07.577719400 - DEBUG: Access token received successfully.
2026-02-01T14:50:07.578724800 - DEBUG: Fetching user info from https://api.github.com/user
2026-02-01T14:50:08.565741300 - DEBUG: User info received for: pradeepdevs140
2026-02-01T14:50:10.127281400 - DEBUG: Redirecting to frontend: http://localhost:3000/callback?token=eyJhbGciOiJIUzM4NCJ9.eyJzdWIiOiJwcmFkZWVwa3Jpc2huYTE0MEBnbWFpbC5jb20iLCJpYXQiOjE3Njk5Mzc2MTAsImV4cCI6MTc3MDAyNDAxMH0.gq1oYf6yKDhkhUdnN2bIzJaSIn8UkmYd5l3h4Qw4f9CVMvo-ztFeot0gNXt2mNpY&email=pradeepkrishna140%40gmail.com&name=pradeepdevs140
2026-02-01T16:21:16.820384800 - DEBUG: Redirecting to GitHub: https://github.com/login/oauth/authorize?client_id=Ov23liccnKhFzwKD4Eim&redirect_uri=http%3A%2F%2Flocalhost%3A8080%2Fapi%2Fgithub%2Foauth%2Fcallback&scope=repo,user,user:email&state=login
2026-02-01T16:21:18.014752 - DEBUG: GitHub OAuth callback received. State: login
2026-02-01T16:21:18.016772600 - DEBUG: Requesting access token from: https://github.com/login/oauth/access_token
2026-02-01T16:21:19.417880 - DEBUG: Access token received successfully.
2026-02-01T16:21:19.420408900 - DEBUG: Fetching user info from https://api.github.com/user
2026-02-01T16:21:20.145171500 - DEBUG: User info received for: pradeepdevs140
2026-02-01T16:21:20.370701200 - DEBUG: Redirecting to frontend: http://localhost:3000/callback?token=eyJhbGciOiJIUzM4NCJ9.eyJzdWIiOiJwcmFkZWVwa3Jpc2huYTE0MEBnbWFpbC5jb20iLCJpYXQiOjE3Njk5NDMwODAsImV4cCI6MTc3MDAyOTQ4MH0.l8PAvXlyP_BLOQhG17iXmSV9ZEx2VMphyOsRd-GQVRSoThhLsa26I1jIDL-0-yUO&email=pradeepkrishna140%40gmail.com&name=pradeepdevs140
2026-02-24T19:14:51.163104300 - DEBUG: Redirecting to GitHub: https://github.com/login/oauth/authorize?client_id=Ov23liccnKhFzwKD4Eim&redirect_uri=http%3A%2F%2Flocalhost%3A8080%2Fapi%2Fgithub%2Foauth%2Fcallback&scope=repo,user,user:email&state=login
2026-02-24T19:15:11.886669700 - DEBUG: GitHub OAuth callback received. State: login
2026-02-24T19:15:11.895403200 - DEBUG: Requesting access token from: https://github.com/login/oauth/access_token
2026-02-24T19:15:14.284274100 - DEBUG: Access token received successfully.
2026-02-24T19:15:14.286273200 - DEBUG: Fetching user info from https://api.github.com/user
2026-02-24T19:15:15.175341200 - DEBUG: User info received for: pradeepdevs140
2026-02-24T19:15:16.079654700 - DEBUG: Redirecting to frontend: http://localhost:3000/callback?token=eyJhbGciOiJIUzM4NCJ9.eyJzdWIiOiJwcmFkZWVwa3Jpc2huYTE0MEBnbWFpbC5jb20iLCJpYXQiOjE3NzE5NDA3MTYsImV4cCI6MTc3MjAyNzExNn0.xed-gI9uJhxPOC4ypN4SBvQ-_9r5KCD6FIMN5bp6sAiyNzgK2kTSAXW3INxqG6WV&email=pradeepkrishna140%40gmail.com&name=pradeepdevs140
2026-02-24T19:50:43.286917800 - DEBUG: Redirecting to GitHub: https://github.com/login/oauth/authorize?client_id=Ov23liccnKhFzwKD4Eim&redirect_uri=http%3A%2F%2Flocalhost%3A8080%2Fapi%2Fgithub%2Foauth%2Fcallback&scope=repo,user,user:email&state=login
2026-02-24T19:50:45.295779600 - DEBUG: GitHub OAuth callback received. State: login
2026-02-24T19:50:45.297290700 - DEBUG: Requesting access token from: https://github.com/login/oauth/access_token
2026-02-24T19:50:46.800930200 - DEBUG: Access token received successfully.
2026-02-24T19:50:46.802797900 - DEBUG: Fetching user info from https://api.github.com/user
2026-02-24T19:50:47.772404300 - DEBUG: User info received for: pradeepdevs140
2026-02-24T19:50:47.906881500 - DEBUG: Redirecting to frontend: http://localhost:3000/callback?token=eyJhbGciOiJIUzM4NCJ9.eyJzdWIiOiJwcmFkZWVwa3Jpc2huYTE0MEBnbWFpbC5jb20iLCJpYXQiOjE3NzE5NDI4NDcsImV4cCI6MTc3MjAyOTI0N30.fWojth2JLpvJlyUUNOpMfFSSY6r3PE4gi1mVwdSqS7GnL7NNqPd6ZygJvVBaAtrK&email=pradeepkrishna140%40gmail.com&name=pradeepdevs140
2026-02-24T20:02:58.137030900 - DEBUG: Redirecting to GitHub: https://github.com/login/oauth/authorize?client_id=Ov23liccnKhFzwKD4Eim&redirect_uri=http%3A%2F%2Flocalhost%3A8080%2Fapi%2Fgithub%2Foauth%2Fcallback&scope=repo,user,user:email&state=login
2026-02-24T20:02:59.334635600 - DEBUG: GitHub OAuth callback received. State: login
2026-02-24T20:02:59.340404 - DEBUG: Requesting access token from: https://github.com/login/oauth/access_token
2026-02-24T20:03:02.021661 - DEBUG: Access token received successfully.
2026-02-24T20:03:02.024013700 - DEBUG: Fetching user info from https://api.github.com/user
2026-02-24T20:03:02.936954500 - DEBUG: User info received for: pradeepdevs140
2026-02-24T20:03:04.365930900 - DEBUG: Redirecting to frontend: http://localhost:3000/callback?token=eyJhbGciOiJIUzM4NCJ9.eyJzdWIiOiJwcmFkZWVwa3Jpc2huYTE0MEBnbWFpbC5jb20iLCJpYXQiOjE3NzE5NDM1ODQsImV4cCI6MTc3MjAyOTk4NH0.VNc2ZVV71SFEbFOVnDEGdPneOfKFte7HBtqcXzAsOQv66yMuar0Bpkutt0HBs3Ci&email=pradeepkrishna140%40gmail.com&name=pradeepdevs140
2026-02-24T20:42:56.657904 - DEBUG: Redirecting to GitHub: https://github.com/login/oauth/authorize?client_id=Ov23liccnKhFzwKD4Eim&redirect_uri=http%3A%2F%2Flocalhost%3A8080%2Fapi%2Fgithub%2Foauth%2Fcallback&scope=repo,user,user:email&state=login
2026-02-24T20:42:57.959661500 - DEBUG: GitHub OAuth callback received. State: login
2026-02-24T20:42:57.967599 - DEBUG: Requesting access token from: https://github.com/login/oauth/access_token
2026-02-24T20:43:00.161676400 - DEBUG: Access token received successfully.
2026-02-24T20:43:00.163684500 - DEBUG: Fetching user info from https://api.github.com/user
2026-02-24T20:43:01.199242 - DEBUG: User info received for: pradeepdevs140
2026-02-24T20:43:02.073344900 - DEBUG: Email not public, fetching from /user/emails
2026-02-24T20:43:02.627792700 - DEBUG: Created new user for GitHub signup: pradeepkrishna140@gmail.com
2026-02-24T20:43:02.751064500 - DEBUG: Redirecting to frontend: http://localhost:3000/callback?token=eyJhbGciOiJIUzM4NCJ9.eyJzdWIiOiJwcmFkZWVwa3Jpc2huYTE0MEBnbWFpbC5jb20iLCJpYXQiOjE3NzE5NDU5ODIsImV4cCI6MTc3MjAzMjM4Mn0.BD-y8DuCFwhkGKcElxRPNyN_myQEaO8eWan9KkOH-60mnUgxWWnsHY_6Jn1hRC_j&email=pradeepkrishna140%40gmail.com&name=pradeepdevs140
2026-03-15T18:40:04.561994800 - DEBUG: Redirecting to GitHub: https://github.com/login/oauth/authorize?client_id=Ov23lixIts09GIHuWwwZ&redirect_uri=http%3A%2F%2Flocalhost%3A8081%2Fapi%2Fgithub%2Foauth%2Fcallback&scope=repo,user,user:email&state=login
2026-03-15T18:40:09.638404300 - DEBUG: GitHub OAuth callback received. State: login
2026-03-15T18:40:09.648087900 - DEBUG: Requesting access token from: https://github.com/login/oauth/access_token
2026-03-15T18:40:11.329108700 - DEBUG: Access token received successfully.
2026-03-15T18:40:11.331804400 - DEBUG: Fetching user info from https://api.github.com/user
2026-03-15T18:40:11.831918 - DEBUG: User info received for: pradeepdevs140
2026-03-15T18:40:12.507383800 - DEBUG: Redirecting to frontend: http://localhost:3000/callback?token=eyJhbGciOiJIUzM4NCJ9.eyJzdWIiOiJwcmFkZWVwa3Jpc2huYTE0MEBnbWFpbC5jb20iLCJpYXQiOjE3NzM1ODAyMTIsImV4cCI6MTc3MzY2NjYxMn0.6-tmueRcj_OQaPAUS8_BDSrzdjBdBg9INtnZio9aDyrZlRRKQojOOASMwEkNFi7U&email=pradeepkrishna140%40gmail.com&name=pradeepdevs140
2026-03-15T19:17:08.596627800 - DEBUG: Redirecting to GitHub: https://github.com/login/oauth/authorize?client_id=Ov23lixIts09GIHuWwwZ&redirect_uri=http%3A%2F%2Flocalhost%3A8081%2Fapi%2Fgithub%2Foauth%2Fcallback&scope=repo,user,user:email&state=login
2026-03-15T19:58:48.639020700 - DEBUG: Redirecting to GitHub: https://github.com/login/oauth/authorize?client_id=Ov23lixIts09GIHuWwwZ&redirect_uri=http%3A%2F%2Flocalhost%3A8081%2Fapi%2Fgithub%2Foauth%2Fcallback&scope=repo,user,user:email&state=login
2026-03-15T20:03:31.403648800 - DEBUG: Redirecting to GitHub: https://github.com/login/oauth/authorize?client_id=Ov23lixIts09GIHuWwwZ&redirect_uri=http%3A%2F%2Flocalhost%3A8081%2Fapi%2Fgithub%2Foauth%2Fcallback&scope=repo,user,user:email&state=login
